Using pre-set license
Built from '2021.1/staging' branch; Version is '2021.1.22f1 (a137e5fb0427) revision 10565605'; Using compiler version '192528614'; Build Type 'Release'
OS: 'Windows 10 Home Single Language; OS build 19044.2251; Version 2009; 64bit' Language: 'en' Physical Memory: 24449 MB
BatchMode: 1, IsHumanControllingUs: 0, StartBugReporterOnCrash: 0, Is64bit: 1, IsPro: 0

COMMAND LINE ARGUMENTS:
D:\unity\2021.1.22f1\Editor\Unity.exe
-adb2
-batchMode
-noUpm
-name
AssetImportWorker0
-projectPath
D:/home brew gamesz/New Unity Project
-logFile
Logs/AssetImportWorker0.log
-srvPort
55955
Successfully changed project path to: D:/home brew gamesz/New Unity Project
D:/home brew gamesz/New Unity Project
Using Asset Import Pipeline V2.
Refreshing native plugins compatible for Editor in 97.35 ms, found 3 plugins.
Preloading 0 native plugins for Editor in 0.00 ms.
Initialize engine version: 2021.1.22f1 (a137e5fb0427)
[Subsystems] Discovering subsystems at path D:/unity/2021.1.22f1/Editor/Data/Resources/UnitySubsystems
[Subsystems] Discovering subsystems at path D:/home brew gamesz/New Unity Project/Assets
GfxDevice: creating device client; threaded=0; jobified=0
Direct3D:
    Version:  Direct3D 11.0 [level 11.1]
    Renderer: NVIDIA GeForce GTX 1050 Ti (ID=0x1c8c)
    Vendor:   NVIDIA
    VRAM:     4018 MB
    Driver:   27.21.14.5749
Initialize mono
Mono path[0] = 'D:/unity/2021.1.22f1/Editor/Data/Managed'
Mono path[1] = 'D:/unity/2021.1.22f1/Editor/Data/MonoBleedingEdge/lib/mono/unityjit'
Mono config path = 'D:/unity/2021.1.22f1/Editor/Data/MonoBleedingEdge/etc'
Using monoOptions --debugger-agent=transport=dt_socket,embedding=1,server=y,suspend=n,address=127.0.0.1:56756
Begin MonoManager ReloadAssembly
Registering precompiled unity dll's ...
Register platform support module: D:/unity/2021.1.22f1/Editor/Data/PlaybackEngines/WindowsStandaloneSupport/UnityEditor.WindowsStandalone.Extensions.dll
Registered in 0.001112 seconds.
Native extension for WindowsStandalone target not found
Refreshing native plugins compatible for Editor in 105.98 ms, found 3 plugins.
Preloading 0 native plugins for Editor in 0.00 ms.
Mono: successfully reloaded assembly
- Completed reload, in  1.697 seconds
Domain Reload Profiling:
	ReloadAssembly (1697ms)
		BeginReloadAssembly (72ms)
			ExecutionOrderSort (0ms)
			DisableScriptedObjects (0ms)
			BackupInstance (0ms)
			ReleaseScriptingObjects (0ms)
			CreateAndSetChildDomain (10ms)
		EndReloadAssembly (758ms)
			LoadAssemblies (63ms)
			RebuildTransferFunctionScriptingTraits (0ms)
			SetupTypeCache (276ms)
			ReleaseScriptCaches (0ms)
			RebuildScriptCaches (47ms)
			SetupLoadedEditorAssemblies (319ms)
				LogAssemblyErrors (0ms)
				InitializePlatformSupportModulesInManaged (12ms)
				SetLoadedEditorAssemblies (0ms)
				RefreshPlugins (106ms)
				BeforeProcessingInitializeOnLoad (2ms)
				ProcessInitializeOnLoadAttributes (157ms)
				ProcessInitializeOnLoadMethodAttributes (42ms)
				AfterProcessingInitializeOnLoad (0ms)
				EditorAssembliesLoaded (0ms)
			ExecutionOrderSort2 (0ms)
			AwakeInstancesAfterBackupRestoration (0ms)
Platform modules already initialized, skipping
Registering precompiled user dll's ...
Registered in 0.004555 seconds.
Begin MonoManager ReloadAssembly
Symbol file LoadedFromMemory doesn't match image D:\home brew gamesz\New Unity Project\Library\PackageCache\com.unity.visualscripting@1.6.1\Editor\VisualScripting.Core\Dependencies\YamlDotNet\Unity.VisualScripting.YamlDotNet.dll
Symbol file LoadedFromMemory doesn't match image D:\home brew gamesz\New Unity Project\Library\PackageCache\com.unity.visualscripting@1.6.1\Editor\VisualScripting.Core\Dependencies\DotNetZip\Unity.VisualScripting.IonicZip.dll
Native extension for WindowsStandalone target not found
Refreshing native plugins compatible for Editor in 0.72 ms, found 3 plugins.
Preloading 0 native plugins for Editor in 0.00 ms.
Mono: successfully reloaded assembly
- Completed reload, in  1.261 seconds
Domain Reload Profiling:
	ReloadAssembly (1261ms)
		BeginReloadAssembly (180ms)
			ExecutionOrderSort (0ms)
			DisableScriptedObjects (6ms)
			BackupInstance (0ms)
			ReleaseScriptingObjects (0ms)
			CreateAndSetChildDomain (24ms)
		EndReloadAssembly (1021ms)
			LoadAssemblies (128ms)
			RebuildTransferFunctionScriptingTraits (0ms)
			SetupTypeCache (399ms)
			ReleaseScriptCaches (1ms)
			RebuildScriptCaches (60ms)
			SetupLoadedEditorAssemblies (337ms)
				LogAssemblyErrors (0ms)
				InitializePlatformSupportModulesInManaged (5ms)
				SetLoadedEditorAssemblies (0ms)
				RefreshPlugins (1ms)
				BeforeProcessingInitializeOnLoad (68ms)
				ProcessInitializeOnLoadAttributes (252ms)
				ProcessInitializeOnLoadMethodAttributes (9ms)
				AfterProcessingInitializeOnLoad (2ms)
				EditorAssembliesLoaded (0ms)
			ExecutionOrderSort2 (0ms)
			AwakeInstancesAfterBackupRestoration (8ms)
Platform modules already initialized, skipping
========================================================================
Worker process is ready to serve import requests
Launched and connected shader compiler UnityShaderCompiler.exe after 0.06 seconds
Refreshing native plugins compatible for Editor in 0.73 ms, found 3 plugins.
Preloading 0 native plugins for Editor in 0.00 ms.
Unloading 3300 Unused Serialized files (Serialized files now loaded: 0)
System memory in use before: 124.3 MB.
System memory in use after: 124.5 MB.

Unloading 26 unused Assets to reduce memory usage. Loaded Objects now: 3754.
Total: 3.508900 ms (FindLiveObjects: 0.263600 ms CreateObjectMapping: 0.141400 ms MarkObjects: 3.037800 ms  DeleteObjects: 0.065300 ms)

AssetImportParameters requested are different than current active one (requested -> active):
  custom:framework-win-MediaFoundation: 216162199b28c13a410421893ffa2e32 -> 
  custom:video-decoder-ogg-theora: a1e56fd34408186e4bbccfd4996cb3dc -> 
  custom:container-muxer-webm: aa71ff27fc2769a1b78a27578f13a17b -> 
  custom:container-demuxer-webm: 4f35f7cbe854078d1ac9338744f61a02 -> 
  custom:container-demuxer-ogg: 62fdf1f143b41e24485cea50d1cbac27 -> 
  custom:video-encoder-webm-vp8: eb34c28f22e8b96e1ab97ce403110664 -> 
  custom:video-codec-MediaFoundation-h265: 746d11721c4dcdbdad8f713fa42b33f4 -> 
  custom:video-decoder-webm-vp8: 9c59270c3fd7afecdb556c50c9e8de78 -> 
  custom:audio-decoder-ogg-vorbis: bf7c407c2cedff20999df2af8eb42d56 -> 
  custom:audio-encoder-webm-vorbis: bf7c407c2cedff20999df2af8eb42d56 -> 
========================================================================
Received Import Request.
  path: Assets/Scripts/Shooting.cs
  artifactKey: Guid(6f6d4950e709ba94eb2171d914dc0013) Importer(815301076,1909f56bfc062723c751e8b465ee728b)
Start importing Assets/Scripts/Shooting.cs using Guid(6f6d4950e709ba94eb2171d914dc0013) Importer(815301076,1909f56bfc062723c751e8b465ee728b)  -> (artifact id: '4e18cd73267606a0377f75ff632be521') in 0.056341 seconds 
========================================================================
Received Import Request.
  Time since last request: 44.806615 seconds.
  path: Assets/Prefabs/Player UI.prefab
  artifactKey: Guid(e1b62c6fca0a97b49a422eea407f61c3) Importer(815301076,1909f56bfc062723c751e8b465ee728b)
Start importing Assets/Prefabs/Player UI.prefab using Guid(e1b62c6fca0a97b49a422eea407f61c3) Importer(815301076,1909f56bfc062723c751e8b465ee728b) UnityException: Find is not allowed to be called from a MonoBehaviour constructor (or instance field initializer), call it in Awake or Start instead. Called from MonoBehaviour 'Shooting'.
See "Script Serialization" page in the Unity Manual for further details.
  at (wrapper managed-to-native) UnityEngine.GameObject.Find(string)
  at Shooting..ctor () [0x0000b] in D:\home brew gamesz\New Unity Project\Assets\Scripts\Shooting.cs:28 

(Filename: Assets/Scripts/Shooting.cs Line: 28)

 -> (artifact id: '575e2cde87564675a0b29c2ebd562d55') in 0.049247 seconds 
========================================================================
Received Import Request.
  Time since last request: 18.656969 seconds.
  path: Assets/Player Models and Animations/modern-weapons/870 Shotgun/870_Shotgun.fbx
  artifactKey: Guid(493f0c30ab617d644b15de0186c885c0) Importer(815301076,1909f56bfc062723c751e8b465ee728b)
Start importing Assets/Player Models and Animations/modern-weapons/870 Shotgun/870_Shotgun.fbx using Guid(493f0c30ab617d644b15de0186c885c0) Importer(815301076,1909f56bfc062723c751e8b465ee728b)  -> (artifact id: '139a19707a8f9dab724b89ac380e5628') in 0.879678 seconds 
========================================================================
Received Import Request.
  Time since last request: 0.000340 seconds.
  path: Assets/Standard Assets/Vehicles/Aircraft/Models/AircraftFuselage.fbx
  artifactKey: Guid(4fea6053a1424d44daf193f09be2d491) Importer(815301076,1909f56bfc062723c751e8b465ee728b)
Start importing Assets/Standard Assets/Vehicles/Aircraft/Models/AircraftFuselage.fbx using Guid(4fea6053a1424d44daf193f09be2d491) Importer(815301076,1909f56bfc062723c751e8b465ee728b)  -> (artifact id: 'd5a10af9e1bdbf5b36ffb83c81d9f944') in 1.229539 seconds 
========================================================================
Received Import Request.
  Time since last request: 0.000347 seconds.
  path: Assets/Photon/PhotonUnityNetworking/Demos/DemoAsteroids/Models/Asteroid01.fbx
  artifactKey: Guid(401fae203bae0ee428e401e7f9af9be8) Importer(815301076,1909f56bfc062723c751e8b465ee728b)
Start importing Assets/Photon/PhotonUnityNetworking/Demos/DemoAsteroids/Models/Asteroid01.fbx using Guid(401fae203bae0ee428e401e7f9af9be8) Importer(815301076,1909f56bfc062723c751e8b465ee728b)  -> (artifact id: 'cdb947ec2598ec2bc647acd2220a08df') in 0.064447 seconds 
========================================================================
Received Import Request.
  Time since last request: 0.000389 seconds.
  path: Assets/Desert Environment/Prefabs/Props/Barrel/Damaged/Destroyed/BarrelDestroyedRed.prefab
  artifactKey: Guid(c358026632654e9489609439ec0a93b8) Importer(815301076,1909f56bfc062723c751e8b465ee728b)
Start importing Assets/Desert Environment/Prefabs/Props/Barrel/Damaged/Destroyed/BarrelDestroyedRed.prefab using Guid(c358026632654e9489609439ec0a93b8) Importer(815301076,1909f56bfc062723c751e8b465ee728b)  -> (artifact id: '4c4e1de27d71ad35731a7162ad4112c8') in 0.038580 seconds 
========================================================================
Received Import Request.
  Time since last request: 0.000297 seconds.
  path: Assets/Photon/PhotonUnityNetworking/Demos/DemoSlotRacer/Kenney Assets/Racing Kit/Models/billboardLower.fbx
  artifactKey: Guid(271d69ba92e5ec94eaa3779f0ea4ce47) Importer(815301076,1909f56bfc062723c751e8b465ee728b)
Start importing Assets/Photon/PhotonUnityNetworking/Demos/DemoSlotRacer/Kenney Assets/Racing Kit/Models/billboardLower.fbx using Guid(271d69ba92e5ec94eaa3779f0ea4ce47) Importer(815301076,1909f56bfc062723c751e8b465ee728b)  -> (artifact id: '022c732756d9355ecd3a9383c89d624d') in 0.092635 seconds 
========================================================================
Received Import Request.
  Time since last request: 0.000351 seconds.
  path: Assets/SampleScenes/Models/Brick.fbx
  artifactKey: Guid(9ced0c52dc1504d4da20513052fdc602) Importer(815301076,1909f56bfc062723c751e8b465ee728b)
Start importing Assets/SampleScenes/Models/Brick.fbx using Guid(9ced0c52dc1504d4da20513052fdc602) Importer(815301076,1909f56bfc062723c751e8b465ee728b)  -> (artifact id: '33459ded04644a6b70343bd3d786e2de') in 0.253423 seconds 
========================================================================
Received Import Request.
  Time since last request: 0.000360 seconds.
  path: Assets/Standard Assets/Vehicles/Aircraft/Models/AircraftWingsPropeller.fbx
  artifactKey: Guid(8fb5ebe73f3784e4fab98b15f1299e76) Importer(815301076,1909f56bfc062723c751e8b465ee728b)
Start importing Assets/Standard Assets/Vehicles/Aircraft/Models/AircraftWingsPropeller.fbx using Guid(8fb5ebe73f3784e4fab98b15f1299e76) Importer(815301076,1909f56bfc062723c751e8b465ee728b)  -> (artifact id: '0f1f139f77ad9b4106ebb7aec7fe165b') in 1.349729 seconds 
========================================================================
Received Import Request.
  Time since last request: 0.000284 seconds.
  path: Assets/Desert Environment/Prefabs/Props/Barrel/BlueBarrel.prefab
  artifactKey: Guid(1f8fe58d32d52bc48b13a46476e791df) Importer(815301076,1909f56bfc062723c751e8b465ee728b)
Start importing Assets/Desert Environment/Prefabs/Props/Barrel/BlueBarrel.prefab using Guid(1f8fe58d32d52bc48b13a46476e791df) Importer(815301076,1909f56bfc062723c751e8b465ee728b)  -> (artifact id: '983ed75e70c011ccc660a86b94534388') in 0.035788 seconds 
========================================================================
Received Import Request.
  Time since last request: 0.000321 seconds.
  path: Assets/Standard Assets/Vehicles/Aircraft/Models/AircraftWingsJet.fbx
  artifactKey: Guid(63742edd796d522458d772b44affdf9b) Importer(815301076,1909f56bfc062723c751e8b465ee728b)
Start importing Assets/Standard Assets/Vehicles/Aircraft/Models/AircraftWingsJet.fbx using Guid(63742edd796d522458d772b44affdf9b) Importer(815301076,1909f56bfc062723c751e8b465ee728b)  -> (artifact id: '17dfadfa4d17eb499259a3a2e3a45792') in 1.080394 seconds 
========================================================================
Received Import Request.
  Time since last request: 0.000327 seconds.
  path: Assets/Desert Environment/Prefabs/Props/AmmoBox.prefab
  artifactKey: Guid(f73a8400908797f46a1965502c595710) Importer(815301076,1909f56bfc062723c751e8b465ee728b)
Start importing Assets/Desert Environment/Prefabs/Props/AmmoBox.prefab using Guid(f73a8400908797f46a1965502c595710) Importer(815301076,1909f56bfc062723c751e8b465ee728b)  -> (artifact id: '8a876777588efbcc3d8d1f71e83d8340') in 0.047668 seconds 
========================================================================
Received Import Request.
  Time since last request: 0.000322 seconds.
  path: Assets/Standard Assets/Vehicles/Aircraft/Prefabs/AircraftJetAI.prefab
  artifactKey: Guid(6f7604981ce4c064cbe5284c437c5699) Importer(815301076,1909f56bfc062723c751e8b465ee728b)
Start importing Assets/Standard Assets/Vehicles/Aircraft/Prefabs/AircraftJetAI.prefab using Guid(6f7604981ce4c064cbe5284c437c5699) Importer(815301076,1909f56bfc062723c751e8b465ee728b)  -> (artifact id: '752b4f0d70fe70973a6f6b5440d39e1e') in 1.458710 seconds 
========================================================================
Received Import Request.
  Time since last request: 0.000291 seconds.
  path: Assets/Standard Assets/ParticleSystems/Prefabs/Afterburner.prefab
  artifactKey: Guid(d8c41be67f41aa545ae053b0b927f821) Importer(815301076,1909f56bfc062723c751e8b465ee728b)
Start importing Assets/Standard Assets/ParticleSystems/Prefabs/Afterburner.prefab using Guid(d8c41be67f41aa545ae053b0b927f821) Importer(815301076,1909f56bfc062723c751e8b465ee728b)  -> (artifact id: '9cdf742789f86246d72f6796126dc2bc') in 0.032441 seconds 
========================================================================
Received Import Request.
  Time since last request: 0.000360 seconds.
  path: Assets/Standard Assets/Prototyping/Prefabs/BlockPrototype04x04x04.prefab
  artifactKey: Guid(ab33e6080ae416b4d899f39fa8951b98) Importer(815301076,1909f56bfc062723c751e8b465ee728b)
Start importing Assets/Standard Assets/Prototyping/Prefabs/BlockPrototype04x04x04.prefab using Guid(ab33e6080ae416b4d899f39fa8951b98) Importer(815301076,1909f56bfc062723c751e8b465ee728b)  -> (artifact id: '36c99760cce1011e8fbd2371d70a0d22') in 0.170813 seconds 
========================================================================
Received Import Request.
  Time since last request: 0.000309 seconds.
  path: Assets/Standard Assets/Vehicles/Aircraft/Prefabs/AircraftPropellerAi.prefab
  artifactKey: Guid(cd707c1f484f43249bab272ac76a0174) Importer(815301076,1909f56bfc062723c751e8b465ee728b)
Start importing Assets/Standard Assets/Vehicles/Aircraft/Prefabs/AircraftPropellerAi.prefab using Guid(cd707c1f484f43249bab272ac76a0174) Importer(815301076,1909f56bfc062723c751e8b465ee728b)  -> (artifact id: 'd5ecbeaaba25d20959bf0543c16acdf4') in 1.116475 seconds 
========================================================================
Received Import Request.
  Time since last request: 0.000354 seconds.
  path: Assets/Photon/PhotonUnityNetworking/Demos/DemoAsteroids/Resources/BigAsteroid.prefab
  artifactKey: Guid(15f43343ba0a60e47a63d28496373c3f) Importer(815301076,1909f56bfc062723c751e8b465ee728b)
Start importing Assets/Photon/PhotonUnityNetworking/Demos/DemoAsteroids/Resources/BigAsteroid.prefab using Guid(15f43343ba0a60e47a63d28496373c3f) Importer(815301076,1909f56bfc062723c751e8b465ee728b)  -> (artifact id: 'e3e615082cf3f91f5a8dbf303b4a7ad1') in 0.059520 seconds 
========================================================================
Received Import Request.
  Time since last request: 0.000364 seconds.
  path: Assets/Standard Assets/Vehicles/Aircraft/Prefabs/AircraftJet.prefab
  artifactKey: Guid(147d826ca4c5a834a9dfe5db390c47f4) Importer(815301076,1909f56bfc062723c751e8b465ee728b)
Start importing Assets/Standard Assets/Vehicles/Aircraft/Prefabs/AircraftJet.prefab using Guid(147d826ca4c5a834a9dfe5db390c47f4) Importer(815301076,1909f56bfc062723c751e8b465ee728b)  -> (artifact id: '235d31282bd497f5ec8d020271e4135d') in 0.901231 seconds 
========================================================================
Received Import Request.
  Time since last request: 0.000359 seconds.
  path: Assets/SampleScenes/Prefabs/Box.prefab
  artifactKey: Guid(d29ba28bd5caaed429838de8bac7be72) Importer(815301076,1909f56bfc062723c751e8b465ee728b)
Start importing Assets/SampleScenes/Prefabs/Box.prefab using Guid(d29ba28bd5caaed429838de8bac7be72) Importer(815301076,1909f56bfc062723c751e8b465ee728b)  -> (artifact id: 'ff70922c053629f861fbc126ebcf5927') in 0.083585 seconds 
========================================================================
Received Import Request.
  Time since last request: 0.000354 seconds.
  path: Assets/SampleScenes/Prefabs/BoxSmall.prefab
  artifactKey: Guid(75c27bf47f501a74fa5723911612c226) Importer(815301076,1909f56bfc062723c751e8b465ee728b)
Start importing Assets/SampleScenes/Prefabs/BoxSmall.prefab using Guid(75c27bf47f501a74fa5723911612c226) Importer(815301076,1909f56bfc062723c751e8b465ee728b)  -> (artifact id: 'bf2e186042fcfaa4a09b39c6d57b9917') in 0.010621 seconds 
========================================================================
Received Import Request.
  Time since last request: 0.000333 seconds.
  path: Assets/SampleScenes/Prefabs/BoxPile.prefab
  artifactKey: Guid(ff3366103894bec429eeaa9b86b595e6) Importer(815301076,1909f56bfc062723c751e8b465ee728b)
Start importing Assets/SampleScenes/Prefabs/BoxPile.prefab using Guid(ff3366103894bec429eeaa9b86b595e6) Importer(815301076,1909f56bfc062723c751e8b465ee728b)  -> (artifact id: '9574aa22083193f7c3e162f8c398bf81') in 0.011799 seconds 
========================================================================
Received Import Request.
  Time since last request: 0.000410 seconds.
  path: Assets/Photon/PhotonUnityNetworking/Demos/DemoAsteroids/Prefabs/Bullet.prefab
  artifactKey: Guid(5624ee9da9d10514ea7b808e83979c85) Importer(815301076,1909f56bfc062723c751e8b465ee728b)
Start importing Assets/Photon/PhotonUnityNetworking/Demos/DemoAsteroids/Prefabs/Bullet.prefab using Guid(5624ee9da9d10514ea7b808e83979c85) Importer(815301076,1909f56bfc062723c751e8b465ee728b)  -> (artifact id: '6101812780d382cbda897dac304cb3c0') in 0.056192 seconds 
========================================================================
Received Import Request.
  Time since last request: 0.000320 seconds.
  path: Assets/Standard Assets/Vehicles/Aircraft/Prefabs/AircraftPropeller.prefab
  artifactKey: Guid(7e1741de780e13f42a448fdb5b60c1e1) Importer(815301076,1909f56bfc062723c751e8b465ee728b)
Start importing Assets/Standard Assets/Vehicles/Aircraft/Prefabs/AircraftPropeller.prefab using Guid(7e1741de780e13f42a448fdb5b60c1e1) Importer(815301076,1909f56bfc062723c751e8b465ee728b)  -> (artifact id: '7320715c93a69a3777b9c480ee930f90') in 0.933595 seconds 
========================================================================
Received Import Request.
  Time since last request: 0.000369 seconds.
  path: Assets/Standard Assets/Prototyping/Models/BlockPrototype04x04x04.fbx
  artifactKey: Guid(622a87b3379022740be7e2efea3ebd33) Importer(815301076,1909f56bfc062723c751e8b465ee728b)
Start importing Assets/Standard Assets/Prototyping/Models/BlockPrototype04x04x04.fbx using Guid(622a87b3379022740be7e2efea3ebd33) Importer(815301076,1909f56bfc062723c751e8b465ee728b)  -> (artifact id: '4a3a385ce6cc27d448a21dc5d28de0a7') in 0.027009 seconds 
========================================================================
Received Import Request.
  Time since last request: 0.000333 seconds.
  path: Assets/Standard Assets/Characters/ThirdPersonCharacter/Prefabs/AIThirdPersonController.prefab
  artifactKey: Guid(54eb5844754051b40a918a84c33b7c1a) Importer(815301076,1909f56bfc062723c751e8b465ee728b)
Start importing Assets/Standard Assets/Characters/ThirdPersonCharacter/Prefabs/AIThirdPersonController.prefab using Guid(54eb5844754051b40a918a84c33b7c1a) Importer(815301076,1909f56bfc062723c751e8b465ee728b)  -> (artifact id: '57e35e65c836b85e809fd3018812cf17') in 2.139102 seconds 
========================================================================
Received Import Request.
  Time since last request: 139.618720 seconds.
  path: Assets/Scenes/GameScene/ReflectionProbe-0.exr
  artifactKey: Guid(a347755e97fdece40a3dedb62e54a047) Importer(815301076,1909f56bfc062723c751e8b465ee728b)
Start importing Assets/Scenes/GameScene/ReflectionProbe-0.exr using Guid(a347755e97fdece40a3dedb62e54a047) Importer(815301076,1909f56bfc062723c751e8b465ee728b)  -> (artifact id: '768543b21fe5db9e70a9bd6aa8218fc8') in 0.118650 seconds 
========================================================================
Received Import Request.
  Time since last request: 44.863846 seconds.
  path: Assets/UI/Button.png
  artifactKey: Guid(0ed245663bb0f364f9a0cb183a5a5e17) Importer(815301076,1909f56bfc062723c751e8b465ee728b)
Start importing Assets/UI/Button.png using Guid(0ed245663bb0f364f9a0cb183a5a5e17) Importer(815301076,1909f56bfc062723c751e8b465ee728b)  -> (artifact id: '9620d672ffa35e06df51f5a6f27b5ad2') in 0.262137 seconds 
========================================================================
Received Import Request.
  Time since last request: 0.000331 seconds.
  path: Assets/UI/Button2.png
  artifactKey: Guid(e269ef009f5029c4994ab4b36d35e7d0) Importer(815301076,1909f56bfc062723c751e8b465ee728b)
Start importing Assets/UI/Button2.png using Guid(e269ef009f5029c4994ab4b36d35e7d0) Importer(815301076,1909f56bfc062723c751e8b465ee728b)  -> (artifact id: 'e8fd185a1cda70ae6c75461ad87a3acd') in 0.072264 seconds 
========================================================================
Received Import Request.
  Time since last request: 0.000326 seconds.
  path: Assets/UI/MainPanel.png
  artifactKey: Guid(cdd9e33f4b942ac4f866e2a543514655) Importer(815301076,1909f56bfc062723c751e8b465ee728b)
Start importing Assets/UI/MainPanel.png using Guid(cdd9e33f4b942ac4f866e2a543514655) Importer(815301076,1909f56bfc062723c751e8b465ee728b)  -> (artifact id: 'd0187b628a466420f93e9025eee3bdac') in 0.253561 seconds 
========================================================================
Received Import Request.
  Time since last request: 0.000296 seconds.
  path: Assets/UI/TopPanel.png
  artifactKey: Guid(6cabe87e9b003824082267f951fc9ac7) Importer(815301076,1909f56bfc062723c751e8b465ee728b)
Start importing Assets/UI/TopPanel.png using Guid(6cabe87e9b003824082267f951fc9ac7) Importer(815301076,1909f56bfc062723c751e8b465ee728b)  -> (artifact id: 'ecc8351e50a2a23d2e5a0997d39d9192') in 0.044390 seconds 
========================================================================
Received Import Request.
  Time since last request: 76.437232 seconds.
  path: Assets/Scripts/Shooting.cs
  artifactKey: Guid(6f6d4950e709ba94eb2171d914dc0013) Importer(815301076,1909f56bfc062723c751e8b465ee728b)
Start importing Assets/Scripts/Shooting.cs using Guid(6f6d4950e709ba94eb2171d914dc0013) Importer(815301076,1909f56bfc062723c751e8b465ee728b)  -> (artifact id: '96a2bf6a4ffb33d7f1763e386be3395b') in 0.011640 seconds 
========================================================================
Received Prepare
Registering precompiled user dll's ...
Registered in 0.004339 seconds.
Begin MonoManager ReloadAssembly
Symbol file LoadedFromMemory doesn't match image D:\home brew gamesz\New Unity Project\Library\PackageCache\com.unity.visualscripting@1.6.1\Editor\VisualScripting.Core\Dependencies\YamlDotNet\Unity.VisualScripting.YamlDotNet.dll
Symbol file LoadedFromMemory doesn't match image D:\home brew gamesz\New Unity Project\Library\PackageCache\com.unity.visualscripting@1.6.1\Editor\VisualScripting.Core\Dependencies\DotNetZip\Unity.VisualScripting.IonicZip.dll
Native extension for WindowsStandalone target not found
Refreshing native plugins compatible for Editor in 1.41 ms, found 3 plugins.
Preloading 0 native plugins for Editor in 0.00 ms.
Mono: successfully reloaded assembly
- Completed reload, in  1.191 seconds
Domain Reload Profiling:
	ReloadAssembly (1191ms)
		BeginReloadAssembly (141ms)
			ExecutionOrderSort (0ms)
			DisableScriptedObjects (5ms)
			BackupInstance (0ms)
			ReleaseScriptingObjects (0ms)
			CreateAndSetChildDomain (44ms)
		EndReloadAssembly (982ms)
			LoadAssemblies (115ms)
			RebuildTransferFunctionScriptingTraits (0ms)
			SetupTypeCache (409ms)
			ReleaseScriptCaches (1ms)
			RebuildScriptCaches (41ms)
			SetupLoadedEditorAssemblies (307ms)
				LogAssemblyErrors (0ms)
				InitializePlatformSupportModulesInManaged (4ms)
				SetLoadedEditorAssemblies (0ms)
				RefreshPlugins (1ms)
				BeforeProcessingInitializeOnLoad (47ms)
				ProcessInitializeOnLoadAttributes (230ms)
				ProcessInitializeOnLoadMethodAttributes (21ms)
				AfterProcessingInitializeOnLoad (2ms)
				EditorAssembliesLoaded (0ms)
			ExecutionOrderSort2 (0ms)
			AwakeInstancesAfterBackupRestoration (14ms)
Platform modules already initialized, skipping
Switching build target platform(19) subTarget(0) extendedPlatform(0) -> platform(13) subTarget(537460736) extendedPlatform(0)
Refreshing native plugins compatible for Editor in 0.72 ms, found 3 plugins.
Preloading 0 native plugins for Editor in 0.00 ms.
Unloading 3279 Unused Serialized files (Serialized files now loaded: 0)
System memory in use before: 152.1 MB.
System memory in use after: 152.4 MB.

Unloading 23 unused Assets to reduce memory usage. Loaded Objects now: 3892.
Total: 3.567000 ms (FindLiveObjects: 0.298300 ms CreateObjectMapping: 0.136800 ms MarkObjects: 3.088600 ms  DeleteObjects: 0.042400 ms)

AssetImportParameters requested are different than current active one (requested -> active):
  custom:framework-win-MediaFoundation: 216162199b28c13a410421893ffa2e32 -> 
  custom:video-decoder-ogg-theora: a1e56fd34408186e4bbccfd4996cb3dc -> 
  custom:container-muxer-webm: aa71ff27fc2769a1b78a27578f13a17b -> 
  custom:container-demuxer-webm: 4f35f7cbe854078d1ac9338744f61a02 -> 
  custom:container-demuxer-ogg: 62fdf1f143b41e24485cea50d1cbac27 -> 
  custom:video-encoder-webm-vp8: eb34c28f22e8b96e1ab97ce403110664 -> 
  custom:video-codec-MediaFoundation-h265: 746d11721c4dcdbdad8f713fa42b33f4 -> 
  custom:video-decoder-webm-vp8: 9c59270c3fd7afecdb556c50c9e8de78 -> 
  custom:graphics/normal-map-encoding: 01000000000000000000000000000000 -> 02000000000000000000000000000000
  custom:audio-decoder-ogg-vorbis: bf7c407c2cedff20999df2af8eb42d56 -> 
  custom:audio-encoder-webm-vorbis: bf7c407c2cedff20999df2af8eb42d56 -> 
========================================================================
Received Import Request.
  Time since last request: 36.164432 seconds.
  path: Assets/Scripts/Shooting.cs
  artifactKey: Guid(6f6d4950e709ba94eb2171d914dc0013) Importer(815301076,1909f56bfc062723c751e8b465ee728b)
Start importing Assets/Scripts/Shooting.cs using Guid(6f6d4950e709ba94eb2171d914dc0013) Importer(815301076,1909f56bfc062723c751e8b465ee728b)  -> (artifact id: 'e057a7ca6115cbce3ef62ad8f223f2a8') in 0.005952 seconds 
========================================================================
Received Prepare
Registering precompiled user dll's ...
Registered in 0.005754 seconds.
Begin MonoManager ReloadAssembly
Symbol file LoadedFromMemory doesn't match image D:\home brew gamesz\New Unity Project\Library\PackageCache\com.unity.visualscripting@1.6.1\Editor\VisualScripting.Core\Dependencies\YamlDotNet\Unity.VisualScripting.YamlDotNet.dll
Symbol file LoadedFromMemory doesn't match image D:\home brew gamesz\New Unity Project\Library\PackageCache\com.unity.visualscripting@1.6.1\Editor\VisualScripting.Core\Dependencies\DotNetZip\Unity.VisualScripting.IonicZip.dll
Native extension for WindowsStandalone target not found
Refreshing native plugins compatible for Editor in 0.71 ms, found 3 plugins.
Preloading 0 native plugins for Editor in 0.00 ms.
Mono: successfully reloaded assembly
- Completed reload, in  1.161 seconds
Domain Reload Profiling:
	ReloadAssembly (1162ms)
		BeginReloadAssembly (141ms)
			ExecutionOrderSort (0ms)
			DisableScriptedObjects (7ms)
			BackupInstance (0ms)
			ReleaseScriptingObjects (0ms)
			CreateAndSetChildDomain (46ms)
		EndReloadAssembly (959ms)
			LoadAssemblies (97ms)
			RebuildTransferFunctionScriptingTraits (0ms)
			SetupTypeCache (391ms)
			ReleaseScriptCaches (1ms)
			RebuildScriptCaches (47ms)
			SetupLoadedEditorAssemblies (309ms)
				LogAssemblyErrors (0ms)
				InitializePlatformSupportModulesInManaged (4ms)
				SetLoadedEditorAssemblies (0ms)
				RefreshPlugins (1ms)
				BeforeProcessingInitializeOnLoad (54ms)
				ProcessInitializeOnLoadAttributes (239ms)
				ProcessInitializeOnLoadMethodAttributes (8ms)
				AfterProcessingInitializeOnLoad (3ms)
				EditorAssembliesLoaded (0ms)
			ExecutionOrderSort2 (0ms)
			AwakeInstancesAfterBackupRestoration (15ms)
Platform modules already initialized, skipping
Switching build target platform(19) subTarget(0) extendedPlatform(0) -> platform(13) subTarget(537460736) extendedPlatform(0)
Refreshing native plugins compatible for Editor in 0.72 ms, found 3 plugins.
Preloading 0 native plugins for Editor in 0.00 ms.
Unloading 3274 Unused Serialized files (Serialized files now loaded: 0)
System memory in use before: 152.0 MB.
System memory in use after: 152.2 MB.

Unloading 20 unused Assets to reduce memory usage. Loaded Objects now: 3895.
Total: 3.694300 ms (FindLiveObjects: 0.270200 ms CreateObjectMapping: 0.133400 ms MarkObjects: 3.244800 ms  DeleteObjects: 0.044800 ms)

AssetImportParameters requested are different than current active one (requested -> active):
  custom:framework-win-MediaFoundation: 216162199b28c13a410421893ffa2e32 -> 
  custom:video-decoder-ogg-theora: a1e56fd34408186e4bbccfd4996cb3dc -> 
  custom:container-muxer-webm: aa71ff27fc2769a1b78a27578f13a17b -> 
  custom:container-demuxer-webm: 4f35f7cbe854078d1ac9338744f61a02 -> 
  custom:container-demuxer-ogg: 62fdf1f143b41e24485cea50d1cbac27 -> 
  custom:video-encoder-webm-vp8: eb34c28f22e8b96e1ab97ce403110664 -> 
  custom:video-codec-MediaFoundation-h265: 746d11721c4dcdbdad8f713fa42b33f4 -> 
  custom:video-decoder-webm-vp8: 9c59270c3fd7afecdb556c50c9e8de78 -> 
  custom:graphics/normal-map-encoding: 01000000000000000000000000000000 -> 02000000000000000000000000000000
  custom:audio-decoder-ogg-vorbis: bf7c407c2cedff20999df2af8eb42d56 -> 
  custom:audio-encoder-webm-vorbis: bf7c407c2cedff20999df2af8eb42d56 -> 
========================================================================
Received Prepare
Refreshing native plugins compatible for Editor in 3.42 ms, found 3 plugins.
Preloading 0 native plugins for Editor in 0.00 ms.
Unloading 18 Unused Serialized files (Serialized files now loaded: 0)
System memory in use before: 88.0 MB.
System memory in use after: 88.2 MB.

Unloading 18 unused Assets to reduce memory usage. Loaded Objects now: 3895.
Total: 3.339400 ms (FindLiveObjects: 0.250200 ms CreateObjectMapping: 0.149800 ms MarkObjects: 2.921200 ms  DeleteObjects: 0.017200 ms)

AssetImportParameters requested are different than current active one (requested -> active):
  custom:framework-win-MediaFoundation: 216162199b28c13a410421893ffa2e32 -> 
  custom:video-decoder-ogg-theora: a1e56fd34408186e4bbccfd4996cb3dc -> 
  custom:container-muxer-webm: aa71ff27fc2769a1b78a27578f13a17b -> 
  custom:container-demuxer-webm: 4f35f7cbe854078d1ac9338744f61a02 -> 
  custom:container-demuxer-ogg: 62fdf1f143b41e24485cea50d1cbac27 -> 
  custom:video-encoder-webm-vp8: eb34c28f22e8b96e1ab97ce403110664 -> 
  custom:video-codec-MediaFoundation-h265: 746d11721c4dcdbdad8f713fa42b33f4 -> 
  custom:video-decoder-webm-vp8: 9c59270c3fd7afecdb556c50c9e8de78 -> 
  custom:audio-decoder-ogg-vorbis: bf7c407c2cedff20999df2af8eb42d56 -> 
  custom:audio-encoder-webm-vorbis: bf7c407c2cedff20999df2af8eb42d56 -> 
AssetImportWorkerClient::OnTransportError - code=2 error=End of file
