Using pre-set license
Built from '2021.1/staging' branch; Version is '2021.1.22f1 (a137e5fb0427) revision 10565605'; Using compiler version '192528614'; Build Type 'Release'
OS: 'Windows 10 Home Single Language; OS build 19044.1645; Version 2009; 64bit' Language: 'en' Physical Memory: 24449 MB
BatchMode: 1, IsHumanControllingUs: 0, StartBugReporterOnCrash: 0, Is64bit: 1, IsPro: 0

COMMAND LINE ARGUMENTS:
D:\unity\2021.1.22f1\Editor\Unity.exe
-adb2
-batchMode
-noUpm
-name
AssetImportWorker0
-projectPath
D:/home brew gamesz/Multiplayer Racing
-logFile
Logs/AssetImportWorker0.log
-srvPort
52036
Successfully changed project path to: D:/home brew gamesz/Multiplayer Racing
D:/home brew gamesz/Multiplayer Racing
Using Asset Import Pipeline V2.
Refreshing native plugins compatible for Editor in 83.01 ms, found 3 plugins.
Preloading 0 native plugins for Editor in 0.00 ms.
Initialize engine version: 2021.1.22f1 (a137e5fb0427)
[Subsystems] Discovering subsystems at path D:/unity/2021.1.22f1/Editor/Data/Resources/UnitySubsystems
[Subsystems] Discovering subsystems at path D:/home brew gamesz/Multiplayer Racing/Assets
GfxDevice: creating device client; threaded=0; jobified=0
Direct3D:
    Version:  Direct3D 11.0 [level 11.1]
    Renderer: NVIDIA GeForce GTX 1050 Ti (ID=0x1c8c)
    Vendor:   NVIDIA
    VRAM:     4018 MB
    Driver:   27.21.14.5749
Initialize mono
Mono path[0] = 'D:/unity/2021.1.22f1/Editor/Data/Managed'
Mono path[1] = 'D:/unity/2021.1.22f1/Editor/Data/MonoBleedingEdge/lib/mono/unityjit'
Mono config path = 'D:/unity/2021.1.22f1/Editor/Data/MonoBleedingEdge/etc'
Using monoOptions --debugger-agent=transport=dt_socket,embedding=1,server=y,suspend=n,address=127.0.0.1:56672
Begin MonoManager ReloadAssembly
Registering precompiled unity dll's ...
Register platform support module: D:/unity/2021.1.22f1/Editor/Data/PlaybackEngines/WindowsStandaloneSupport/UnityEditor.WindowsStandalone.Extensions.dll
Registered in 0.001047 seconds.
Native extension for WindowsStandalone target not found
Refreshing native plugins compatible for Editor in 82.37 ms, found 3 plugins.
Preloading 0 native plugins for Editor in 0.00 ms.
Mono: successfully reloaded assembly
- Completed reload, in  1.375 seconds
Domain Reload Profiling:
	ReloadAssembly (1375ms)
		BeginReloadAssembly (60ms)
			ExecutionOrderSort (0ms)
			DisableScriptedObjects (0ms)
			BackupInstance (0ms)
			ReleaseScriptingObjects (0ms)
			CreateAndSetChildDomain (1ms)
		EndReloadAssembly (474ms)
			LoadAssemblies (59ms)
			RebuildTransferFunctionScriptingTraits (0ms)
			SetupTypeCache (173ms)
			ReleaseScriptCaches (0ms)
			RebuildScriptCaches (32ms)
			SetupLoadedEditorAssemblies (224ms)
				LogAssemblyErrors (0ms)
				InitializePlatformSupportModulesInManaged (6ms)
				SetLoadedEditorAssemblies (0ms)
				RefreshPlugins (82ms)
				BeforeProcessingInitializeOnLoad (1ms)
				ProcessInitializeOnLoadAttributes (102ms)
				ProcessInitializeOnLoadMethodAttributes (32ms)
				AfterProcessingInitializeOnLoad (0ms)
				EditorAssembliesLoaded (0ms)
			ExecutionOrderSort2 (0ms)
			AwakeInstancesAfterBackupRestoration (0ms)
Platform modules already initialized, skipping
Registering precompiled user dll's ...
Registered in 0.004485 seconds.
Begin MonoManager ReloadAssembly
Symbol file LoadedFromMemory doesn't match image D:\home brew gamesz\Multiplayer Racing\Library\PackageCache\com.unity.visualscripting@1.6.1\Editor\VisualScripting.Core\Dependencies\YamlDotNet\Unity.VisualScripting.YamlDotNet.dll
Symbol file LoadedFromMemory doesn't match image D:\home brew gamesz\Multiplayer Racing\Library\PackageCache\com.unity.visualscripting@1.6.1\Editor\VisualScripting.Core\Dependencies\DotNetZip\Unity.VisualScripting.IonicZip.dll
Native extension for WindowsStandalone target not found
Refreshing native plugins compatible for Editor in 0.76 ms, found 3 plugins.
Preloading 0 native plugins for Editor in 0.00 ms.
Mono: successfully reloaded assembly
- Completed reload, in  1.157 seconds
Domain Reload Profiling:
	ReloadAssembly (1158ms)
		BeginReloadAssembly (154ms)
			ExecutionOrderSort (0ms)
			DisableScriptedObjects (5ms)
			BackupInstance (0ms)
			ReleaseScriptingObjects (0ms)
			CreateAndSetChildDomain (20ms)
		EndReloadAssembly (947ms)
			LoadAssemblies (93ms)
			RebuildTransferFunctionScriptingTraits (0ms)
			SetupTypeCache (382ms)
			ReleaseScriptCaches (1ms)
			RebuildScriptCaches (57ms)
			SetupLoadedEditorAssemblies (320ms)
				LogAssemblyErrors (0ms)
				InitializePlatformSupportModulesInManaged (4ms)
				SetLoadedEditorAssemblies (0ms)
				RefreshPlugins (1ms)
				BeforeProcessingInitializeOnLoad (66ms)
				ProcessInitializeOnLoadAttributes (238ms)
				ProcessInitializeOnLoadMethodAttributes (8ms)
				AfterProcessingInitializeOnLoad (2ms)
				EditorAssembliesLoaded (0ms)
			ExecutionOrderSort2 (0ms)
			AwakeInstancesAfterBackupRestoration (8ms)
Platform modules already initialized, skipping
========================================================================
Worker process is ready to serve import requests
Launched and connected shader compiler UnityShaderCompiler.exe after 0.15 seconds
Refreshing native plugins compatible for Editor in 0.64 ms, found 3 plugins.
Preloading 0 native plugins for Editor in 0.00 ms.
Unloading 3182 Unused Serialized files (Serialized files now loaded: 0)
System memory in use before: 126.7 MB.
System memory in use after: 126.9 MB.

Unloading 26 unused Assets to reduce memory usage. Loaded Objects now: 3637.
Total: 3.513300 ms (FindLiveObjects: 0.251400 ms CreateObjectMapping: 0.128100 ms MarkObjects: 3.068100 ms  DeleteObjects: 0.064700 ms)

AssetImportParameters requested are different than current active one (requested -> active):
  custom:framework-win-MediaFoundation: 216162199b28c13a410421893ffa2e32 -> 
  custom:video-decoder-ogg-theora: a1e56fd34408186e4bbccfd4996cb3dc -> 
  custom:container-muxer-webm: aa71ff27fc2769a1b78a27578f13a17b -> 
  custom:container-demuxer-webm: 4f35f7cbe854078d1ac9338744f61a02 -> 
  custom:container-demuxer-ogg: 62fdf1f143b41e24485cea50d1cbac27 -> 
  custom:video-encoder-webm-vp8: eb34c28f22e8b96e1ab97ce403110664 -> 
  custom:video-codec-MediaFoundation-h265: 746d11721c4dcdbdad8f713fa42b33f4 -> 
  custom:video-decoder-webm-vp8: 9c59270c3fd7afecdb556c50c9e8de78 -> 
  custom:audio-decoder-ogg-vorbis: bf7c407c2cedff20999df2af8eb42d56 -> 
  custom:audio-encoder-webm-vorbis: bf7c407c2cedff20999df2af8eb42d56 -> 
========================================================================
Received Import Request.
  path: Assets/Scenes/DeathRaceScene.unity
  artifactKey: Guid(5237f6bf1eb278e45a20ab1560c0e087) Importer(815301076,1909f56bfc062723c751e8b465ee728b)
Start importing Assets/Scenes/DeathRaceScene.unity using Guid(5237f6bf1eb278e45a20ab1560c0e087) Importer(815301076,1909f56bfc062723c751e8b465ee728b)  -> (artifact id: 'fe1a3baec5f15babac3d189ddc3121f9') in 0.016649 seconds 
========================================================================
Received Import Request.
  Time since last request: 581.411285 seconds.
  path: Assets/Textures/tick.png
  artifactKey: Guid(1ed9e462e9ec33641bf768f5d838e531) Importer(815301076,1909f56bfc062723c751e8b465ee728b)
Start importing Assets/Textures/tick.png using Guid(1ed9e462e9ec33641bf768f5d838e531) Importer(815301076,1909f56bfc062723c751e8b465ee728b)  -> (artifact id: '669967f06c3190803b6db2ca2f86b2dd') in 0.201114 seconds 
========================================================================
Received Prepare
Registering precompiled user dll's ...
Registered in 0.004522 seconds.
Begin MonoManager ReloadAssembly
Symbol file LoadedFromMemory doesn't match image D:\home brew gamesz\Multiplayer Racing\Library\PackageCache\com.unity.visualscripting@1.6.1\Editor\VisualScripting.Core\Dependencies\YamlDotNet\Unity.VisualScripting.YamlDotNet.dll
Symbol file LoadedFromMemory doesn't match image D:\home brew gamesz\Multiplayer Racing\Library\PackageCache\com.unity.visualscripting@1.6.1\Editor\VisualScripting.Core\Dependencies\DotNetZip\Unity.VisualScripting.IonicZip.dll
Native extension for WindowsStandalone target not found
Refreshing native plugins compatible for Editor in 0.75 ms, found 3 plugins.
Preloading 0 native plugins for Editor in 0.00 ms.
Mono: successfully reloaded assembly
- Completed reload, in  1.208 seconds
Domain Reload Profiling:
	ReloadAssembly (1208ms)
		BeginReloadAssembly (144ms)
			ExecutionOrderSort (0ms)
			DisableScriptedObjects (5ms)
			BackupInstance (0ms)
			ReleaseScriptingObjects (0ms)
			CreateAndSetChildDomain (43ms)
		EndReloadAssembly (996ms)
			LoadAssemblies (111ms)
			RebuildTransferFunctionScriptingTraits (0ms)
			SetupTypeCache (422ms)
			ReleaseScriptCaches (1ms)
			RebuildScriptCaches (44ms)
			SetupLoadedEditorAssemblies (316ms)
				LogAssemblyErrors (0ms)
				InitializePlatformSupportModulesInManaged (5ms)
				SetLoadedEditorAssemblies (0ms)
				RefreshPlugins (1ms)
				BeforeProcessingInitializeOnLoad (54ms)
				ProcessInitializeOnLoadAttributes (239ms)
				ProcessInitializeOnLoadMethodAttributes (14ms)
				AfterProcessingInitializeOnLoad (4ms)
				EditorAssembliesLoaded (0ms)
			ExecutionOrderSort2 (0ms)
			AwakeInstancesAfterBackupRestoration (14ms)
Platform modules already initialized, skipping
Refreshing native plugins compatible for Editor in 0.67 ms, found 3 plugins.
Preloading 0 native plugins for Editor in 0.00 ms.
Unloading 3175 Unused Serialized files (Serialized files now loaded: 0)
System memory in use before: 130.7 MB.
System memory in use after: 131.0 MB.

Unloading 20 unused Assets to reduce memory usage. Loaded Objects now: 3661.
Total: 3.712300 ms (FindLiveObjects: 0.287100 ms CreateObjectMapping: 0.161000 ms MarkObjects: 3.240500 ms  DeleteObjects: 0.022800 ms)

AssetImportParameters requested are different than current active one (requested -> active):
  custom:framework-win-MediaFoundation: 216162199b28c13a410421893ffa2e32 -> 
  custom:video-decoder-ogg-theora: a1e56fd34408186e4bbccfd4996cb3dc -> 
  custom:container-muxer-webm: aa71ff27fc2769a1b78a27578f13a17b -> 
  custom:container-demuxer-webm: 4f35f7cbe854078d1ac9338744f61a02 -> 
  custom:container-demuxer-ogg: 62fdf1f143b41e24485cea50d1cbac27 -> 
  custom:video-encoder-webm-vp8: eb34c28f22e8b96e1ab97ce403110664 -> 
  custom:video-codec-MediaFoundation-h265: 746d11721c4dcdbdad8f713fa42b33f4 -> 
  custom:video-decoder-webm-vp8: 9c59270c3fd7afecdb556c50c9e8de78 -> 
  custom:audio-decoder-ogg-vorbis: bf7c407c2cedff20999df2af8eb42d56 -> 
  custom:audio-encoder-webm-vorbis: bf7c407c2cedff20999df2af8eb42d56 -> 
========================================================================
Received Import Request.
  Time since last request: 219.977620 seconds.
  path: Assets/Resources/GTR Variant.prefab
  artifactKey: Guid(a42db80ff0c87284d85f90ba5fb794a8) Importer(815301076,1909f56bfc062723c751e8b465ee728b)
Start importing Assets/Resources/GTR Variant.prefab using Guid(a42db80ff0c87284d85f90ba5fb794a8) Importer(815301076,1909f56bfc062723c751e8b465ee728b)  -> (artifact id: 'fe252c4623f3304b9073b1f56e76e843') in 0.339624 seconds 
========================================================================
Received Import Request.
  Time since last request: 0.000295 seconds.
  path: Assets/Resources/GTR Variant.prefab
  artifactKey: Guid(a42db80ff0c87284d85f90ba5fb794a8) Importer(815301076,1909f56bfc062723c751e8b465ee728b)
Start importing Assets/Resources/GTR Variant.prefab using Guid(a42db80ff0c87284d85f90ba5fb794a8) Importer(815301076,1909f56bfc062723c751e8b465ee728b)  -> (artifact id: '40a55563a09b191634fa741a76872dee') in 0.024935 seconds 
========================================================================
Received Import Request.
  Time since last request: 9.593181 seconds.
  path: Assets/Resources/GTR Gunner.prefab
  artifactKey: Guid(a42db80ff0c87284d85f90ba5fb794a8) Importer(815301076,1909f56bfc062723c751e8b465ee728b)
Start importing Assets/Resources/GTR Gunner.prefab using Guid(a42db80ff0c87284d85f90ba5fb794a8) Importer(815301076,1909f56bfc062723c751e8b465ee728b)  -> (artifact id: '3b4ea106bd9ea217998295ba29f3f74d') in 0.016716 seconds 
========================================================================
Received Import Request.
  Time since last request: 80.196231 seconds.
  path: Assets/Resources/Black Muscle Variant.prefab
  artifactKey: Guid(27545bef1c386894eb5fd80f0083c369) Importer(815301076,1909f56bfc062723c751e8b465ee728b)
Start importing Assets/Resources/Black Muscle Variant.prefab using Guid(27545bef1c386894eb5fd80f0083c369) Importer(815301076,1909f56bfc062723c751e8b465ee728b)  -> (artifact id: 'cd5dcfb820a397e2618ad4d21aabb228') in 0.014958 seconds 
========================================================================
Received Import Request.
  Time since last request: 0.041447 seconds.
  path: Assets/Resources/Black Muscle Variant.prefab
  artifactKey: Guid(27545bef1c386894eb5fd80f0083c369) Importer(815301076,1909f56bfc062723c751e8b465ee728b)
Start importing Assets/Resources/Black Muscle Variant.prefab using Guid(27545bef1c386894eb5fd80f0083c369) Importer(815301076,1909f56bfc062723c751e8b465ee728b)  -> (artifact id: 'b1fe6bcb790c6f5b72d319a64ce5341e') in 0.011919 seconds 
========================================================================
Received Import Request.
  Time since last request: 7.541005 seconds.
  path: Assets/Resources/Muscle Gunner.prefab
  artifactKey: Guid(27545bef1c386894eb5fd80f0083c369) Importer(815301076,1909f56bfc062723c751e8b465ee728b)
Start importing Assets/Resources/Muscle Gunner.prefab using Guid(27545bef1c386894eb5fd80f0083c369) Importer(815301076,1909f56bfc062723c751e8b465ee728b)  -> (artifact id: '0486b19a7437dec78bd37bb7ad1a68e2') in 0.017837 seconds 
========================================================================
Received Import Request.
  Time since last request: 92.170107 seconds.
  path: Assets/Resources/White Sports Variant.prefab
  artifactKey: Guid(381f314583eb564438745791f9f07046) Importer(815301076,1909f56bfc062723c751e8b465ee728b)
Start importing Assets/Resources/White Sports Variant.prefab using Guid(381f314583eb564438745791f9f07046) Importer(815301076,1909f56bfc062723c751e8b465ee728b)  -> (artifact id: '00c97c0c90b387b7de831b38c2334954') in 0.017646 seconds 
========================================================================
Received Import Request.
  Time since last request: 0.044903 seconds.
  path: Assets/Resources/White Sports Variant.prefab
  artifactKey: Guid(381f314583eb564438745791f9f07046) Importer(815301076,1909f56bfc062723c751e8b465ee728b)
Start importing Assets/Resources/White Sports Variant.prefab using Guid(381f314583eb564438745791f9f07046) Importer(815301076,1909f56bfc062723c751e8b465ee728b)  -> (artifact id: 'a6ac3677bcfbdac427c9887764a27516') in 0.013934 seconds 
========================================================================
Received Import Request.
  Time since last request: 9.984227 seconds.
  path: Assets/Resources/Sports Arc Shooter.prefab
  artifactKey: Guid(381f314583eb564438745791f9f07046) Importer(815301076,1909f56bfc062723c751e8b465ee728b)
Start importing Assets/Resources/Sports Arc Shooter.prefab using Guid(381f314583eb564438745791f9f07046) Importer(815301076,1909f56bfc062723c751e8b465ee728b)  -> (artifact id: 'b1330d4724633868969fe30e3e55de41') in 0.018408 seconds 
========================================================================
Received Prepare
Registering precompiled user dll's ...
Registered in 0.005728 seconds.
Begin MonoManager ReloadAssembly
Symbol file LoadedFromMemory doesn't match image D:\home brew gamesz\Multiplayer Racing\Library\PackageCache\com.unity.visualscripting@1.6.1\Editor\VisualScripting.Core\Dependencies\YamlDotNet\Unity.VisualScripting.YamlDotNet.dll
Symbol file LoadedFromMemory doesn't match image D:\home brew gamesz\Multiplayer Racing\Library\PackageCache\com.unity.visualscripting@1.6.1\Editor\VisualScripting.Core\Dependencies\DotNetZip\Unity.VisualScripting.IonicZip.dll
Native extension for WindowsStandalone target not found
Refreshing native plugins compatible for Editor in 1.23 ms, found 3 plugins.
Preloading 0 native plugins for Editor in 0.00 ms.
Mono: successfully reloaded assembly
- Completed reload, in  1.310 seconds
Domain Reload Profiling:
	ReloadAssembly (1311ms)
		BeginReloadAssembly (155ms)
			ExecutionOrderSort (0ms)
			DisableScriptedObjects (6ms)
			BackupInstance (0ms)
			ReleaseScriptingObjects (0ms)
			CreateAndSetChildDomain (43ms)
		EndReloadAssembly (1081ms)
			LoadAssemblies (127ms)
			RebuildTransferFunctionScriptingTraits (0ms)
			SetupTypeCache (438ms)
			ReleaseScriptCaches (1ms)
			RebuildScriptCaches (51ms)
			SetupLoadedEditorAssemblies (355ms)
				LogAssemblyErrors (0ms)
				InitializePlatformSupportModulesInManaged (8ms)
				SetLoadedEditorAssemblies (1ms)
				RefreshPlugins (1ms)
				BeforeProcessingInitializeOnLoad (62ms)
				ProcessInitializeOnLoadAttributes (271ms)
				ProcessInitializeOnLoadMethodAttributes (9ms)
				AfterProcessingInitializeOnLoad (3ms)
				EditorAssembliesLoaded (0ms)
			ExecutionOrderSort2 (0ms)
			AwakeInstancesAfterBackupRestoration (19ms)
Platform modules already initialized, skipping
Refreshing native plugins compatible for Editor in 0.82 ms, found 3 plugins.
Preloading 0 native plugins for Editor in 0.00 ms.
Unloading 3174 Unused Serialized files (Serialized files now loaded: 0)
System memory in use before: 130.9 MB.
System memory in use after: 131.1 MB.

Unloading 21 unused Assets to reduce memory usage. Loaded Objects now: 3671.
Total: 3.698200 ms (FindLiveObjects: 0.250500 ms CreateObjectMapping: 0.162100 ms MarkObjects: 3.257100 ms  DeleteObjects: 0.027700 ms)

AssetImportParameters requested are different than current active one (requested -> active):
  custom:framework-win-MediaFoundation: 216162199b28c13a410421893ffa2e32 -> 
  custom:video-decoder-ogg-theora: a1e56fd34408186e4bbccfd4996cb3dc -> 
  custom:container-muxer-webm: aa71ff27fc2769a1b78a27578f13a17b -> 
  custom:container-demuxer-webm: 4f35f7cbe854078d1ac9338744f61a02 -> 
  custom:container-demuxer-ogg: 62fdf1f143b41e24485cea50d1cbac27 -> 
  custom:video-encoder-webm-vp8: eb34c28f22e8b96e1ab97ce403110664 -> 
  custom:video-codec-MediaFoundation-h265: 746d11721c4dcdbdad8f713fa42b33f4 -> 
  custom:video-decoder-webm-vp8: 9c59270c3fd7afecdb556c50c9e8de78 -> 
  custom:audio-decoder-ogg-vorbis: bf7c407c2cedff20999df2af8eb42d56 -> 
  custom:audio-encoder-webm-vorbis: bf7c407c2cedff20999df2af8eb42d56 -> 
========================================================================
Received Import Request.
  Time since last request: 597.676458 seconds.
  path: Assets/Photon/PhotonUnityNetworking/Demos/DemoHub/Sprites/Gradient.png
  artifactKey: Guid(66efb24ed46044ab8a039599cbc47d7b) Importer(815301076,1909f56bfc062723c751e8b465ee728b)
Start importing Assets/Photon/PhotonUnityNetworking/Demos/DemoHub/Sprites/Gradient.png using Guid(66efb24ed46044ab8a039599cbc47d7b) Importer(815301076,1909f56bfc062723c751e8b465ee728b)  -> (artifact id: '28cfd33f6389e8cf20ae4ea3ca496bff') in 0.125906 seconds 
========================================================================
Received Import Request.
  Time since last request: 0.000255 seconds.
  path: Assets/Photon/PhotonUnityNetworking/Icons/PunIconApp32.png
  artifactKey: Guid(436c5e63723127948af8857e903f658a) Importer(815301076,1909f56bfc062723c751e8b465ee728b)
Start importing Assets/Photon/PhotonUnityNetworking/Icons/PunIconApp32.png using Guid(436c5e63723127948af8857e903f658a) Importer(815301076,1909f56bfc062723c751e8b465ee728b)  -> (artifact id: '4599c446987fcd4a945a085532497ca9') in 0.118970 seconds 
========================================================================
Received Import Request.
  Time since last request: 0.000261 seconds.
  path: Assets/Photon/PhotonUnityNetworking/Icons/PunIconApp48.png
  artifactKey: Guid(44ebd8e6f42cae445ab4b22f0a9b48a0) Importer(815301076,1909f56bfc062723c751e8b465ee728b)
Start importing Assets/Photon/PhotonUnityNetworking/Icons/PunIconApp48.png using Guid(44ebd8e6f42cae445ab4b22f0a9b48a0) Importer(815301076,1909f56bfc062723c751e8b465ee728b)  -> (artifact id: '1874ad5d1018d154490ca5a1c22ce231') in 0.040248 seconds 
========================================================================
Received Import Request.
  Time since last request: 0.000229 seconds.
  path: Assets/Photon/PhotonUnityNetworking/Demos/DemoHub/Sprites/PunIcon-White-129.png
  artifactKey: Guid(56bbc6b42271d4177ac313247f47ac1f) Importer(815301076,1909f56bfc062723c751e8b465ee728b)
Start importing Assets/Photon/PhotonUnityNetworking/Demos/DemoHub/Sprites/PunIcon-White-129.png using Guid(56bbc6b42271d4177ac313247f47ac1f) Importer(815301076,1909f56bfc062723c751e8b465ee728b)  -> (artifact id: '2b93be59a634d3c439bcd30392fb4e2e') in 0.031873 seconds 
========================================================================
Received Import Request.
  Time since last request: 0.000183 seconds.
  path: Assets/Photon/PhotonUnityNetworking/Demos/DemoHub/Sprites/OutlinedSquaredBox.png
  artifactKey: Guid(c222cd02c447941edb09ecb6433229ce) Importer(815301076,1909f56bfc062723c751e8b465ee728b)
Start importing Assets/Photon/PhotonUnityNetworking/Demos/DemoHub/Sprites/OutlinedSquaredBox.png using Guid(c222cd02c447941edb09ecb6433229ce) Importer(815301076,1909f56bfc062723c751e8b465ee728b)  -> (artifact id: '79a591e32dadb6f30ef5b49c153993e9') in 0.015689 seconds 
========================================================================
Received Import Request.
  Time since last request: 0.000300 seconds.
  path: Assets/Photon/PhotonUnityNetworking/Icons/PunIcon-128.png
  artifactKey: Guid(bd293dc32f4aaf94e8274f2fac2cdf89) Importer(815301076,1909f56bfc062723c751e8b465ee728b)
Start importing Assets/Photon/PhotonUnityNetworking/Icons/PunIcon-128.png using Guid(bd293dc32f4aaf94e8274f2fac2cdf89) Importer(815301076,1909f56bfc062723c751e8b465ee728b)  -> (artifact id: '10ca13ba2918cdd4cf893c4b671eddc2') in 0.022376 seconds 
========================================================================
Received Import Request.
  Time since last request: 0.361876 seconds.
  path: Assets/Photon/PhotonUnityNetworking/Icons/PunIconApp128.png
  artifactKey: Guid(f00feafcf0675cd47a48f83ae42b06d4) Importer(815301076,1909f56bfc062723c751e8b465ee728b)
Start importing Assets/Photon/PhotonUnityNetworking/Icons/PunIconApp128.png using Guid(f00feafcf0675cd47a48f83ae42b06d4) Importer(815301076,1909f56bfc062723c751e8b465ee728b)  -> (artifact id: '4fb66a664db3a565a418de5c3c7c2c66') in 0.018033 seconds 
========================================================================
Received Import Request.
  Time since last request: 0.000301 seconds.
  path: Assets/Photon/PhotonUnityNetworking/Icons/PunIconApp512.png
  artifactKey: Guid(7377013011b4c3348809ff574abe799e) Importer(815301076,1909f56bfc062723c751e8b465ee728b)
Start importing Assets/Photon/PhotonUnityNetworking/Icons/PunIconApp512.png using Guid(7377013011b4c3348809ff574abe799e) Importer(815301076,1909f56bfc062723c751e8b465ee728b)  -> (artifact id: '9e058d1e1bbbc8871b09bbd230154a00') in 0.131329 seconds 
========================================================================
Received Import Request.
  Time since last request: 0.000322 seconds.
  path: Assets/Photon/PhotonUnityNetworking/Demos/DemoHub/Sprites/toHub.png
  artifactKey: Guid(9587663c4d27e47b19a118aabaac4a08) Importer(815301076,1909f56bfc062723c751e8b465ee728b)
Start importing Assets/Photon/PhotonUnityNetworking/Demos/DemoHub/Sprites/toHub.png using Guid(9587663c4d27e47b19a118aabaac4a08) Importer(815301076,1909f56bfc062723c751e8b465ee728b)  -> (artifact id: 'd325c755809d3a8e9e696c170265aef4') in 0.015538 seconds 
========================================================================
Received Import Request.
  Time since last request: 11.776359 seconds.
  path: Assets/WhitePixel.png
  artifactKey: Guid(957af2cf699bc6042b3174bf46629303) Importer(815301076,1909f56bfc062723c751e8b465ee728b)
Start importing Assets/WhitePixel.png using Guid(957af2cf699bc6042b3174bf46629303) Importer(815301076,1909f56bfc062723c751e8b465ee728b)  -> (artifact id: 'ff26536f7628ee01d886b962a0bb21ba') in 0.023148 seconds 
========================================================================
Received Import Request.
  Time since last request: 32.068622 seconds.
  path: Assets/WhitePixel.png
  artifactKey: Guid(957af2cf699bc6042b3174bf46629303) Importer(815301076,1909f56bfc062723c751e8b465ee728b)
Start importing Assets/WhitePixel.png using Guid(957af2cf699bc6042b3174bf46629303) Importer(815301076,1909f56bfc062723c751e8b465ee728b)  -> (artifact id: '7c9f3036fc568ebbac1f4dbb76a7c8e5') in 0.127269 seconds 
========================================================================
Received Import Request.
  Time since last request: 131.071810 seconds.
  path: Assets/Scripts/Shooting.cs
  artifactKey: Guid(108cadaa82f203d438d54d741d432715) Importer(815301076,1909f56bfc062723c751e8b465ee728b)
Start importing Assets/Scripts/Shooting.cs using Guid(108cadaa82f203d438d54d741d432715) Importer(815301076,1909f56bfc062723c751e8b465ee728b)  -> (artifact id: '051a0c488ea8919ec2361e1a7472ec37') in 0.018785 seconds 
========================================================================
Received Prepare
Registering precompiled user dll's ...
Registered in 0.004601 seconds.
Begin MonoManager ReloadAssembly
Symbol file LoadedFromMemory doesn't match image D:\home brew gamesz\Multiplayer Racing\Library\PackageCache\com.unity.visualscripting@1.6.1\Editor\VisualScripting.Core\Dependencies\YamlDotNet\Unity.VisualScripting.YamlDotNet.dll
Symbol file LoadedFromMemory doesn't match image D:\home brew gamesz\Multiplayer Racing\Library\PackageCache\com.unity.visualscripting@1.6.1\Editor\VisualScripting.Core\Dependencies\DotNetZip\Unity.VisualScripting.IonicZip.dll
Native extension for WindowsStandalone target not found
Refreshing native plugins compatible for Editor in 1.25 ms, found 3 plugins.
Preloading 0 native plugins for Editor in 0.00 ms.
Mono: successfully reloaded assembly
- Completed reload, in  1.200 seconds
Domain Reload Profiling:
	ReloadAssembly (1200ms)
		BeginReloadAssembly (125ms)
			ExecutionOrderSort (0ms)
			DisableScriptedObjects (6ms)
			BackupInstance (0ms)
			ReleaseScriptingObjects (0ms)
			CreateAndSetChildDomain (44ms)
		EndReloadAssembly (1010ms)
			LoadAssemblies (101ms)
			RebuildTransferFunctionScriptingTraits (0ms)
			SetupTypeCache (411ms)
			ReleaseScriptCaches (1ms)
			RebuildScriptCaches (44ms)
			SetupLoadedEditorAssemblies (340ms)
				LogAssemblyErrors (0ms)
				InitializePlatformSupportModulesInManaged (6ms)
				SetLoadedEditorAssemblies (1ms)
				RefreshPlugins (1ms)
				BeforeProcessingInitializeOnLoad (59ms)
				ProcessInitializeOnLoadAttributes (262ms)
				ProcessInitializeOnLoadMethodAttributes (8ms)
				AfterProcessingInitializeOnLoad (3ms)
				EditorAssembliesLoaded (0ms)
			ExecutionOrderSort2 (0ms)
			AwakeInstancesAfterBackupRestoration (15ms)
Platform modules already initialized, skipping
Refreshing native plugins compatible for Editor in 0.67 ms, found 3 plugins.
Preloading 0 native plugins for Editor in 0.00 ms.
Unloading 3185 Unused Serialized files (Serialized files now loaded: 0)
System memory in use before: 136.8 MB.
System memory in use after: 137.0 MB.

Unloading 20 unused Assets to reduce memory usage. Loaded Objects now: 3847.
Total: 5.372100 ms (FindLiveObjects: 0.354400 ms CreateObjectMapping: 0.171200 ms MarkObjects: 4.811700 ms  DeleteObjects: 0.033300 ms)

AssetImportParameters requested are different than current active one (requested -> active):
  custom:framework-win-MediaFoundation: 216162199b28c13a410421893ffa2e32 -> 
  custom:video-decoder-ogg-theora: a1e56fd34408186e4bbccfd4996cb3dc -> 
  custom:container-muxer-webm: aa71ff27fc2769a1b78a27578f13a17b -> 
  custom:container-demuxer-webm: 4f35f7cbe854078d1ac9338744f61a02 -> 
  custom:container-demuxer-ogg: 62fdf1f143b41e24485cea50d1cbac27 -> 
  custom:video-encoder-webm-vp8: eb34c28f22e8b96e1ab97ce403110664 -> 
  custom:video-codec-MediaFoundation-h265: 746d11721c4dcdbdad8f713fa42b33f4 -> 
  custom:video-decoder-webm-vp8: 9c59270c3fd7afecdb556c50c9e8de78 -> 
  custom:audio-decoder-ogg-vorbis: bf7c407c2cedff20999df2af8eb42d56 -> 
  custom:audio-encoder-webm-vorbis: bf7c407c2cedff20999df2af8eb42d56 -> 
========================================================================
Received Import Request.
  Time since last request: 80.118804 seconds.
  path: Assets/Scripts/Shooting.cs
  artifactKey: Guid(108cadaa82f203d438d54d741d432715) Importer(815301076,1909f56bfc062723c751e8b465ee728b)
Start importing Assets/Scripts/Shooting.cs using Guid(108cadaa82f203d438d54d741d432715) Importer(815301076,1909f56bfc062723c751e8b465ee728b)  -> (artifact id: '38e8f47b58026ea34af531be1379d3e6') in 0.005658 seconds 
========================================================================
Received Import Request.
  Time since last request: 4.768734 seconds.
  path: Assets/Resources/GTR Gunner.prefab
  artifactKey: Guid(a42db80ff0c87284d85f90ba5fb794a8) Importer(815301076,1909f56bfc062723c751e8b465ee728b)
Start importing Assets/Resources/GTR Gunner.prefab using Guid(a42db80ff0c87284d85f90ba5fb794a8) Importer(815301076,1909f56bfc062723c751e8b465ee728b)  -> (artifact id: 'afd40eec04dd8f82dfe49aab76c93771') in 0.071617 seconds 
========================================================================
Received Import Request.
  Time since last request: 45.313425 seconds.
  path: Assets/Resources/Muscle Gunner.prefab
  artifactKey: Guid(27545bef1c386894eb5fd80f0083c369) Importer(815301076,1909f56bfc062723c751e8b465ee728b)
Start importing Assets/Resources/Muscle Gunner.prefab using Guid(27545bef1c386894eb5fd80f0083c369) Importer(815301076,1909f56bfc062723c751e8b465ee728b)  -> (artifact id: 'c0eca8d7491b4ea627d25f5f79c950e4') in 0.170403 seconds 
========================================================================
Received Import Request.
  Time since last request: 32.153558 seconds.
  path: Assets/Resources/GTR Gunner.prefab
  artifactKey: Guid(a42db80ff0c87284d85f90ba5fb794a8) Importer(815301076,1909f56bfc062723c751e8b465ee728b)
Start importing Assets/Resources/GTR Gunner.prefab using Guid(a42db80ff0c87284d85f90ba5fb794a8) Importer(815301076,1909f56bfc062723c751e8b465ee728b)  -> (artifact id: '4edcf41c0e84074cbab61c24c0bc353f') in 0.012419 seconds 
========================================================================
Received Import Request.
  Time since last request: 0.000323 seconds.
  path: Assets/Resources/Muscle Gunner.prefab
  artifactKey: Guid(27545bef1c386894eb5fd80f0083c369) Importer(815301076,1909f56bfc062723c751e8b465ee728b)
Start importing Assets/Resources/Muscle Gunner.prefab using Guid(27545bef1c386894eb5fd80f0083c369) Importer(815301076,1909f56bfc062723c751e8b465ee728b)  -> (artifact id: 'e0dac37870173343b958e385b8514ff9') in 0.014703 seconds 
========================================================================
Received Import Request.
  Time since last request: 4.119453 seconds.
  path: Assets/Resources/Sports Arc Shooter.prefab
  artifactKey: Guid(381f314583eb564438745791f9f07046) Importer(815301076,1909f56bfc062723c751e8b465ee728b)
Start importing Assets/Resources/Sports Arc Shooter.prefab using Guid(381f314583eb564438745791f9f07046) Importer(815301076,1909f56bfc062723c751e8b465ee728b)  -> (artifact id: '7a3f8222693e301afd64b804308da8ca') in 0.014344 seconds 
========================================================================
Received Import Request.
  Time since last request: 0.836043 seconds.
  path: Assets/Resources/Sports Arc Shooter.prefab
  artifactKey: Guid(381f314583eb564438745791f9f07046) Importer(815301076,1909f56bfc062723c751e8b465ee728b)
Start importing Assets/Resources/Sports Arc Shooter.prefab using Guid(381f314583eb564438745791f9f07046) Importer(815301076,1909f56bfc062723c751e8b465ee728b)  -> (artifact id: '93f8a0c6d397f55549b6fd70c7b8586a') in 0.144108 seconds 
========================================================================
Received Prepare
Registering precompiled user dll's ...
Registered in 0.004347 seconds.
Begin MonoManager ReloadAssembly
Symbol file LoadedFromMemory doesn't match image D:\home brew gamesz\Multiplayer Racing\Library\PackageCache\com.unity.visualscripting@1.6.1\Editor\VisualScripting.Core\Dependencies\YamlDotNet\Unity.VisualScripting.YamlDotNet.dll
Symbol file LoadedFromMemory doesn't match image D:\home brew gamesz\Multiplayer Racing\Library\PackageCache\com.unity.visualscripting@1.6.1\Editor\VisualScripting.Core\Dependencies\DotNetZip\Unity.VisualScripting.IonicZip.dll
Native extension for WindowsStandalone target not found
Refreshing native plugins compatible for Editor in 1.11 ms, found 3 plugins.
Preloading 0 native plugins for Editor in 0.00 ms.
Mono: successfully reloaded assembly
- Completed reload, in  1.228 seconds
Domain Reload Profiling:
	ReloadAssembly (1228ms)
		BeginReloadAssembly (147ms)
			ExecutionOrderSort (0ms)
			DisableScriptedObjects (6ms)
			BackupInstance (0ms)
			ReleaseScriptingObjects (0ms)
			CreateAndSetChildDomain (46ms)
		EndReloadAssembly (1025ms)
			LoadAssemblies (107ms)
			RebuildTransferFunctionScriptingTraits (0ms)
			SetupTypeCache (419ms)
			ReleaseScriptCaches (1ms)
			RebuildScriptCaches (46ms)
			SetupLoadedEditorAssemblies (325ms)
				LogAssemblyErrors (0ms)
				InitializePlatformSupportModulesInManaged (7ms)
				SetLoadedEditorAssemblies (1ms)
				RefreshPlugins (1ms)
				BeforeProcessingInitializeOnLoad (52ms)
				ProcessInitializeOnLoadAttributes (254ms)
				ProcessInitializeOnLoadMethodAttributes (6ms)
				AfterProcessingInitializeOnLoad (2ms)
				EditorAssembliesLoaded (0ms)
			ExecutionOrderSort2 (0ms)
			AwakeInstancesAfterBackupRestoration (17ms)
Platform modules already initialized, skipping
Refreshing native plugins compatible for Editor in 1.04 ms, found 3 plugins.
Preloading 0 native plugins for Editor in 0.00 ms.
Unloading 3175 Unused Serialized files (Serialized files now loaded: 0)
System memory in use before: 136.4 MB.
System memory in use after: 136.6 MB.

Unloading 21 unused Assets to reduce memory usage. Loaded Objects now: 3851.
Total: 4.190300 ms (FindLiveObjects: 0.346100 ms CreateObjectMapping: 0.181600 ms MarkObjects: 3.629400 ms  DeleteObjects: 0.032200 ms)

AssetImportParameters requested are different than current active one (requested -> active):
  custom:framework-win-MediaFoundation: 216162199b28c13a410421893ffa2e32 -> 
  custom:video-decoder-ogg-theora: a1e56fd34408186e4bbccfd4996cb3dc -> 
  custom:container-muxer-webm: aa71ff27fc2769a1b78a27578f13a17b -> 
  custom:container-demuxer-webm: 4f35f7cbe854078d1ac9338744f61a02 -> 
  custom:container-demuxer-ogg: 62fdf1f143b41e24485cea50d1cbac27 -> 
  custom:video-encoder-webm-vp8: eb34c28f22e8b96e1ab97ce403110664 -> 
  custom:video-codec-MediaFoundation-h265: 746d11721c4dcdbdad8f713fa42b33f4 -> 
  custom:video-decoder-webm-vp8: 9c59270c3fd7afecdb556c50c9e8de78 -> 
  custom:audio-decoder-ogg-vorbis: bf7c407c2cedff20999df2af8eb42d56 -> 
  custom:audio-encoder-webm-vorbis: bf7c407c2cedff20999df2af8eb42d56 -> 
========================================================================
Received Import Request.
  Time since last request: 117.947769 seconds.
  path: Assets/Scripts/Shooting.cs
  artifactKey: Guid(108cadaa82f203d438d54d741d432715) Importer(815301076,1909f56bfc062723c751e8b465ee728b)
Start importing Assets/Scripts/Shooting.cs using Guid(108cadaa82f203d438d54d741d432715) Importer(815301076,1909f56bfc062723c751e8b465ee728b)  -> (artifact id: '96f375c76ed6f040cd548a059d3a9d2b') in 0.005860 seconds 
========================================================================
Received Prepare
Registering precompiled user dll's ...
Registered in 0.004289 seconds.
Begin MonoManager ReloadAssembly
Symbol file LoadedFromMemory doesn't match image D:\home brew gamesz\Multiplayer Racing\Library\PackageCache\com.unity.visualscripting@1.6.1\Editor\VisualScripting.Core\Dependencies\YamlDotNet\Unity.VisualScripting.YamlDotNet.dll
Symbol file LoadedFromMemory doesn't match image D:\home brew gamesz\Multiplayer Racing\Library\PackageCache\com.unity.visualscripting@1.6.1\Editor\VisualScripting.Core\Dependencies\DotNetZip\Unity.VisualScripting.IonicZip.dll
Native extension for WindowsStandalone target not found
Refreshing native plugins compatible for Editor in 0.69 ms, found 3 plugins.
Preloading 0 native plugins for Editor in 0.00 ms.
Mono: successfully reloaded assembly
- Completed reload, in  1.176 seconds
Domain Reload Profiling:
	ReloadAssembly (1177ms)
		BeginReloadAssembly (133ms)
			ExecutionOrderSort (0ms)
			DisableScriptedObjects (7ms)
			BackupInstance (0ms)
			ReleaseScriptingObjects (0ms)
			CreateAndSetChildDomain (39ms)
		EndReloadAssembly (989ms)
			LoadAssemblies (117ms)
			RebuildTransferFunctionScriptingTraits (0ms)
			SetupTypeCache (377ms)
			ReleaseScriptCaches (1ms)
			RebuildScriptCaches (50ms)
			SetupLoadedEditorAssemblies (315ms)
				LogAssemblyErrors (0ms)
				InitializePlatformSupportModulesInManaged (4ms)
				SetLoadedEditorAssemblies (0ms)
				RefreshPlugins (1ms)
				BeforeProcessingInitializeOnLoad (52ms)
				ProcessInitializeOnLoadAttributes (248ms)
				ProcessInitializeOnLoadMethodAttributes (7ms)
				AfterProcessingInitializeOnLoad (2ms)
				EditorAssembliesLoaded (0ms)
			ExecutionOrderSort2 (0ms)
			AwakeInstancesAfterBackupRestoration (16ms)
Platform modules already initialized, skipping
Refreshing native plugins compatible for Editor in 0.72 ms, found 3 plugins.
Preloading 0 native plugins for Editor in 0.00 ms.
Unloading 3175 Unused Serialized files (Serialized files now loaded: 0)
System memory in use before: 136.4 MB.
System memory in use after: 136.6 MB.

Unloading 20 unused Assets to reduce memory usage. Loaded Objects now: 3854.
Total: 4.316400 ms (FindLiveObjects: 0.299300 ms CreateObjectMapping: 0.161900 ms MarkObjects: 3.830100 ms  DeleteObjects: 0.024200 ms)

AssetImportParameters requested are different than current active one (requested -> active):
  custom:framework-win-MediaFoundation: 216162199b28c13a410421893ffa2e32 -> 
  custom:video-decoder-ogg-theora: a1e56fd34408186e4bbccfd4996cb3dc -> 
  custom:container-muxer-webm: aa71ff27fc2769a1b78a27578f13a17b -> 
  custom:container-demuxer-webm: 4f35f7cbe854078d1ac9338744f61a02 -> 
  custom:container-demuxer-ogg: 62fdf1f143b41e24485cea50d1cbac27 -> 
  custom:video-encoder-webm-vp8: eb34c28f22e8b96e1ab97ce403110664 -> 
  custom:video-codec-MediaFoundation-h265: 746d11721c4dcdbdad8f713fa42b33f4 -> 
  custom:video-decoder-webm-vp8: 9c59270c3fd7afecdb556c50c9e8de78 -> 
  custom:audio-decoder-ogg-vorbis: bf7c407c2cedff20999df2af8eb42d56 -> 
  custom:audio-encoder-webm-vorbis: bf7c407c2cedff20999df2af8eb42d56 -> 
========================================================================
Received Import Request.
  Time since last request: 32.254307 seconds.
  path: Assets/Scripts/Shooting.cs
  artifactKey: Guid(108cadaa82f203d438d54d741d432715) Importer(815301076,1909f56bfc062723c751e8b465ee728b)
Start importing Assets/Scripts/Shooting.cs using Guid(108cadaa82f203d438d54d741d432715) Importer(815301076,1909f56bfc062723c751e8b465ee728b)  -> (artifact id: '6e0f6b762363ea7f25afd2b9cdb1a389') in 0.005887 seconds 
========================================================================
Received Prepare
Registering precompiled user dll's ...
Registered in 0.004937 seconds.
Begin MonoManager ReloadAssembly
Symbol file LoadedFromMemory doesn't match image D:\home brew gamesz\Multiplayer Racing\Library\PackageCache\com.unity.visualscripting@1.6.1\Editor\VisualScripting.Core\Dependencies\YamlDotNet\Unity.VisualScripting.YamlDotNet.dll
Symbol file LoadedFromMemory doesn't match image D:\home brew gamesz\Multiplayer Racing\Library\PackageCache\com.unity.visualscripting@1.6.1\Editor\VisualScripting.Core\Dependencies\DotNetZip\Unity.VisualScripting.IonicZip.dll
Native extension for WindowsStandalone target not found
Refreshing native plugins compatible for Editor in 1.13 ms, found 3 plugins.
Preloading 0 native plugins for Editor in 0.00 ms.
Mono: successfully reloaded assembly
- Completed reload, in  1.191 seconds
Domain Reload Profiling:
	ReloadAssembly (1192ms)
		BeginReloadAssembly (138ms)
			ExecutionOrderSort (0ms)
			DisableScriptedObjects (7ms)
			BackupInstance (0ms)
			ReleaseScriptingObjects (0ms)
			CreateAndSetChildDomain (41ms)
		EndReloadAssembly (991ms)
			LoadAssemblies (102ms)
			RebuildTransferFunctionScriptingTraits (0ms)
			SetupTypeCache (403ms)
			ReleaseScriptCaches (1ms)
			RebuildScriptCaches (45ms)
			SetupLoadedEditorAssemblies (330ms)
				LogAssemblyErrors (0ms)
				InitializePlatformSupportModulesInManaged (6ms)
				SetLoadedEditorAssemblies (1ms)
				RefreshPlugins (1ms)
				BeforeProcessingInitializeOnLoad (58ms)
				ProcessInitializeOnLoadAttributes (254ms)
				ProcessInitializeOnLoadMethodAttributes (7ms)
				AfterProcessingInitializeOnLoad (2ms)
				EditorAssembliesLoaded (0ms)
			ExecutionOrderSort2 (0ms)
			AwakeInstancesAfterBackupRestoration (15ms)
Platform modules already initialized, skipping
Refreshing native plugins compatible for Editor in 0.84 ms, found 3 plugins.
Preloading 0 native plugins for Editor in 0.00 ms.
Unloading 3175 Unused Serialized files (Serialized files now loaded: 0)
System memory in use before: 136.4 MB.
System memory in use after: 136.6 MB.

Unloading 20 unused Assets to reduce memory usage. Loaded Objects now: 3857.
Total: 4.598100 ms (FindLiveObjects: 0.495600 ms CreateObjectMapping: 0.318000 ms MarkObjects: 3.751600 ms  DeleteObjects: 0.031200 ms)

AssetImportParameters requested are different than current active one (requested -> active):
  custom:framework-win-MediaFoundation: 216162199b28c13a410421893ffa2e32 -> 
  custom:video-decoder-ogg-theora: a1e56fd34408186e4bbccfd4996cb3dc -> 
  custom:container-muxer-webm: aa71ff27fc2769a1b78a27578f13a17b -> 
  custom:container-demuxer-webm: 4f35f7cbe854078d1ac9338744f61a02 -> 
  custom:container-demuxer-ogg: 62fdf1f143b41e24485cea50d1cbac27 -> 
  custom:video-encoder-webm-vp8: eb34c28f22e8b96e1ab97ce403110664 -> 
  custom:video-codec-MediaFoundation-h265: 746d11721c4dcdbdad8f713fa42b33f4 -> 
  custom:video-decoder-webm-vp8: 9c59270c3fd7afecdb556c50c9e8de78 -> 
  custom:audio-decoder-ogg-vorbis: bf7c407c2cedff20999df2af8eb42d56 -> 
  custom:audio-encoder-webm-vorbis: bf7c407c2cedff20999df2af8eb42d56 -> 
========================================================================
Received Import Request.
  Time since last request: 68.769844 seconds.
  path: Assets/Scripts/Damaged.cs
  artifactKey: Guid(50cc75f3c8844874c8fd7473a2d431ef) Importer(815301076,1909f56bfc062723c751e8b465ee728b)
Start importing Assets/Scripts/Damaged.cs using Guid(50cc75f3c8844874c8fd7473a2d431ef) Importer(815301076,1909f56bfc062723c751e8b465ee728b)  -> (artifact id: '3824ac28546e58c14d93009623e7d01e') in 0.008714 seconds 
========================================================================
Received Import Request.
  Time since last request: 25.367374 seconds.
  path: Assets/Scripts/Damaged.cs
  artifactKey: Guid(50cc75f3c8844874c8fd7473a2d431ef) Importer(815301076,1909f56bfc062723c751e8b465ee728b)
Start importing Assets/Scripts/Damaged.cs using Guid(50cc75f3c8844874c8fd7473a2d431ef) Importer(815301076,1909f56bfc062723c751e8b465ee728b)  -> (artifact id: '26d9a5a9ab9d9b7e4806de30dfcbc44c') in 0.003560 seconds 
========================================================================
Received Import Request.
  Time since last request: 22.722175 seconds.
  path: Assets/Scripts/Damaged.cs
  artifactKey: Guid(50cc75f3c8844874c8fd7473a2d431ef) Importer(815301076,1909f56bfc062723c751e8b465ee728b)
Start importing Assets/Scripts/Damaged.cs using Guid(50cc75f3c8844874c8fd7473a2d431ef) Importer(815301076,1909f56bfc062723c751e8b465ee728b)  -> (artifact id: '09d51c6e2841f3b60a326c6be298296c') in 0.002034 seconds 
========================================================================
Received Prepare
Registering precompiled user dll's ...
Registered in 0.005743 seconds.
Begin MonoManager ReloadAssembly
Symbol file LoadedFromMemory doesn't match image D:\home brew gamesz\Multiplayer Racing\Library\PackageCache\com.unity.visualscripting@1.6.1\Editor\VisualScripting.Core\Dependencies\YamlDotNet\Unity.VisualScripting.YamlDotNet.dll
Symbol file LoadedFromMemory doesn't match image D:\home brew gamesz\Multiplayer Racing\Library\PackageCache\com.unity.visualscripting@1.6.1\Editor\VisualScripting.Core\Dependencies\DotNetZip\Unity.VisualScripting.IonicZip.dll
Native extension for WindowsStandalone target not found
Refreshing native plugins compatible for Editor in 0.77 ms, found 3 plugins.
Preloading 0 native plugins for Editor in 0.00 ms.
Mono: successfully reloaded assembly
- Completed reload, in  1.164 seconds
Domain Reload Profiling:
	ReloadAssembly (1164ms)
		BeginReloadAssembly (124ms)
			ExecutionOrderSort (0ms)
			DisableScriptedObjects (7ms)
			BackupInstance (0ms)
			ReleaseScriptingObjects (0ms)
			CreateAndSetChildDomain (42ms)
		EndReloadAssembly (984ms)
			LoadAssemblies (97ms)
			RebuildTransferFunctionScriptingTraits (0ms)
			SetupTypeCache (399ms)
			ReleaseScriptCaches (1ms)
			RebuildScriptCaches (59ms)
			SetupLoadedEditorAssemblies (299ms)
				LogAssemblyErrors (0ms)
				InitializePlatformSupportModulesInManaged (5ms)
				SetLoadedEditorAssemblies (0ms)
				RefreshPlugins (1ms)
				BeforeProcessingInitializeOnLoad (50ms)
				ProcessInitializeOnLoadAttributes (233ms)
				ProcessInitializeOnLoadMethodAttributes (7ms)
				AfterProcessingInitializeOnLoad (3ms)
				EditorAssembliesLoaded (0ms)
			ExecutionOrderSort2 (0ms)
			AwakeInstancesAfterBackupRestoration (16ms)
Platform modules already initialized, skipping
Refreshing native plugins compatible for Editor in 0.91 ms, found 3 plugins.
Preloading 0 native plugins for Editor in 0.00 ms.
Unloading 3176 Unused Serialized files (Serialized files now loaded: 0)
System memory in use before: 136.4 MB.
System memory in use after: 136.7 MB.

Unloading 20 unused Assets to reduce memory usage. Loaded Objects now: 3861.
Total: 4.260400 ms (FindLiveObjects: 0.314400 ms CreateObjectMapping: 0.196200 ms MarkObjects: 3.718700 ms  DeleteObjects: 0.029900 ms)

AssetImportParameters requested are different than current active one (requested -> active):
  custom:framework-win-MediaFoundation: 216162199b28c13a410421893ffa2e32 -> 
  custom:video-decoder-ogg-theora: a1e56fd34408186e4bbccfd4996cb3dc -> 
  custom:container-muxer-webm: aa71ff27fc2769a1b78a27578f13a17b -> 
  custom:container-demuxer-webm: 4f35f7cbe854078d1ac9338744f61a02 -> 
  custom:container-demuxer-ogg: 62fdf1f143b41e24485cea50d1cbac27 -> 
  custom:video-encoder-webm-vp8: eb34c28f22e8b96e1ab97ce403110664 -> 
  custom:video-codec-MediaFoundation-h265: 746d11721c4dcdbdad8f713fa42b33f4 -> 
  custom:video-decoder-webm-vp8: 9c59270c3fd7afecdb556c50c9e8de78 -> 
  custom:audio-decoder-ogg-vorbis: bf7c407c2cedff20999df2af8eb42d56 -> 
  custom:audio-encoder-webm-vorbis: bf7c407c2cedff20999df2af8eb42d56 -> 
AssetImportWorkerClient::OnTransportError - code=2 error=End of file
